<html>
<head>
<title>TestNG:  Default test</title>
<link href="../testng.css" rel="stylesheet" type="text/css" />
<link href="../my-testng.css" rel="stylesheet" type="text/css" />

<style type="text/css">
.log { display: none;} 
.stack-trace { display: none;} 
</style>
<script type="text/javascript">
<!--
function flip(e) {
  current = e.style.display;
  if (current == 'block') {
    e.style.display = 'none';
    return 0;
  }
  else {
    e.style.display = 'block';
    return 1;
  }
}

function toggleBox(szDivId, elem, msg1, msg2)
{
  var res = -1;  if (document.getElementById) {
    res = flip(document.getElementById(szDivId));
  }
  else if (document.all) {
    // this is the way old msie versions work
    res = flip(document.all[szDivId]);
  }
  if(elem) {
    if(res == 0) elem.innerHTML = msg1; else elem.innerHTML = msg2;
  }

}

function toggleAllBoxes() {
  if (document.getElementsByTagName) {
    d = document.getElementsByTagName('div');
    for (i = 0; i < d.length; i++) {
      if (d[i].className == 'log') {
        flip(d[i]);
      }
    }
  }
}

// -->
</script>

</head>
<body>
<h2 align='center'>Default test</h2><table border='1' align="center">
<tr>
<td>Tests passed/Failed/Skipped:</td><td>0/11/0</td>
</tr><tr>
<td>Started on:</td><td>Tue Mar 02 22:12:41 EST 2021</td>
</tr>
<tr><td>Total time:</td><td>8 seconds (8295 ms)</td>
</tr><tr>
<td>Included groups:</td><td></td>
</tr><tr>
<td>Excluded groups:</td><td></td>
</tr>
</table><p/>
<small><i>(Hover the method name to see the test class name)</i></small><p/>
<table width='100%' border='1' class='invocation-failed'>
<tr><td colspan='4' align='center'><b>FAILED TESTS</b></td></tr>
<tr><td><b>Test method</b></td>
<td width="30%"><b>Exception</b></td>
<td width="10%"><b>Time (seconds)</b></td>
<td><b>Instance</b></td>
</tr>
<tr>
<td title='stepdefinitions.ParallelRun.runScenario()'><b>runScenario</b><br>Test class: stepdefinitions.ParallelRun<br>Test method: Runs Cucumber Scenarios<br>Parameters: "Contact Us scenario with different set of data", "Optional[Contact Us Feature]"</td>
<td><div><pre>java.lang.NullPointerException: Cannot invoke &quot;org.openqa.selenium.WebDriver.get(String)&quot; because the return value of &quot;com.qa.factory.DriverFactory.getDriver()&quot; is null
	at stepdefinitions.ContactUsSteps.user_navigates_to_contact_us_page(ContactUsSteps.java:22)
	at ?.user navigates to contact us page(file:///C:/Users/mukul/FrameWork/LatestCucumber6WithPOM/src/test/resources/AppFeatures/ContactUs.feature:4)
</pre></div><a href='#' onClick='toggleBox("stack-trace273867168", this, "Click to show all stack frames", "Click to hide stack frames")'>Click to show all stack frames</a>
<div class='stack-trace' id='stack-trace273867168'><pre>java.lang.NullPointerException: Cannot invoke &quot;org.openqa.selenium.WebDriver.get(String)&quot; because the return value of &quot;com.qa.factory.DriverFactory.getDriver()&quot; is null
	at stepdefinitions.ContactUsSteps.user_navigates_to_contact_us_page(ContactUsSteps.java:22)
	at ?.user navigates to contact us page(file:///C:/Users/mukul/FrameWork/LatestCucumber6WithPOM/src/test/resources/AppFeatures/ContactUs.feature:4)
</pre></div></td>
<td>0</td>
<td>stepdefinitions.ParallelRun@6440112d</td></tr>
<tr>
<td title='stepdefinitions.ParallelRun.runScenario()'><b>runScenario</b><br>Test class: stepdefinitions.ParallelRun<br>Test method: Runs Cucumber Scenarios<br>Parameters: "Contact Us scenario with different set of data", "Optional[Contact Us Feature]"</td>
<td><div><pre>java.lang.NullPointerException: Cannot invoke &quot;org.openqa.selenium.WebDriver.get(String)&quot; because the return value of &quot;com.qa.factory.DriverFactory.getDriver()&quot; is null
	at stepdefinitions.ContactUsSteps.user_navigates_to_contact_us_page(ContactUsSteps.java:22)
	at ?.user navigates to contact us page(file:///C:/Users/mukul/FrameWork/LatestCucumber6WithPOM/src/test/resources/AppFeatures/ContactUs.feature:4)
</pre></div><a href='#' onClick='toggleBox("stack-trace474422181", this, "Click to show all stack frames", "Click to hide stack frames")'>Click to show all stack frames</a>
<div class='stack-trace' id='stack-trace474422181'><pre>java.lang.NullPointerException: Cannot invoke &quot;org.openqa.selenium.WebDriver.get(String)&quot; because the return value of &quot;com.qa.factory.DriverFactory.getDriver()&quot; is null
	at stepdefinitions.ContactUsSteps.user_navigates_to_contact_us_page(ContactUsSteps.java:22)
	at ?.user navigates to contact us page(file:///C:/Users/mukul/FrameWork/LatestCucumber6WithPOM/src/test/resources/AppFeatures/ContactUs.feature:4)
</pre></div></td>
<td>0</td>
<td>stepdefinitions.ParallelRun@6440112d</td></tr>
<tr>
<td title='stepdefinitions.ParallelRun.runScenario()'><b>runScenario</b><br>Test class: stepdefinitions.ParallelRun<br>Test method: Runs Cucumber Scenarios<br>Parameters: "Login page title", "Optional[Login page feature]"</td>
<td><div><pre>java.lang.NullPointerException: Cannot invoke &quot;org.openqa.selenium.WebDriver.get(String)&quot; because the return value of &quot;com.qa.factory.DriverFactory.getDriver()&quot; is null
	at stepdefinitions.LoginPageSteps.user_is_on_login_page(LoginPageSteps.java:22)
	at ?.user is on login page(file:///C:/Users/mukul/FrameWork/LatestCucumber6WithPOM/src/test/resources/AppFeatures/LoginPage.feature:4)
</pre></div><a href='#' onClick='toggleBox("stack-trace1096051678", this, "Click to show all stack frames", "Click to hide stack frames")'>Click to show all stack frames</a>
<div class='stack-trace' id='stack-trace1096051678'><pre>java.lang.NullPointerException: Cannot invoke &quot;org.openqa.selenium.WebDriver.get(String)&quot; because the return value of &quot;com.qa.factory.DriverFactory.getDriver()&quot; is null
	at stepdefinitions.LoginPageSteps.user_is_on_login_page(LoginPageSteps.java:22)
	at ?.user is on login page(file:///C:/Users/mukul/FrameWork/LatestCucumber6WithPOM/src/test/resources/AppFeatures/LoginPage.feature:4)
</pre></div></td>
<td>0</td>
<td>stepdefinitions.ParallelRun@6440112d</td></tr>
<tr>
<td title='stepdefinitions.ParallelRun.runScenario()'><b>runScenario</b><br>Test class: stepdefinitions.ParallelRun<br>Test method: Runs Cucumber Scenarios<br>Parameters: "Forgot Password link", "Optional[Login page feature]"</td>
<td><div><pre>java.lang.NullPointerException: Cannot invoke &quot;org.openqa.selenium.WebDriver.get(String)&quot; because the return value of &quot;com.qa.factory.DriverFactory.getDriver()&quot; is null
	at stepdefinitions.LoginPageSteps.user_is_on_login_page(LoginPageSteps.java:22)
	at ?.user is on login page(file:///C:/Users/mukul/FrameWork/LatestCucumber6WithPOM/src/test/resources/AppFeatures/LoginPage.feature:9)
</pre></div><a href='#' onClick='toggleBox("stack-trace1054035439", this, "Click to show all stack frames", "Click to hide stack frames")'>Click to show all stack frames</a>
<div class='stack-trace' id='stack-trace1054035439'><pre>java.lang.NullPointerException: Cannot invoke &quot;org.openqa.selenium.WebDriver.get(String)&quot; because the return value of &quot;com.qa.factory.DriverFactory.getDriver()&quot; is null
	at stepdefinitions.LoginPageSteps.user_is_on_login_page(LoginPageSteps.java:22)
	at ?.user is on login page(file:///C:/Users/mukul/FrameWork/LatestCucumber6WithPOM/src/test/resources/AppFeatures/LoginPage.feature:9)
</pre></div></td>
<td>0</td>
<td>stepdefinitions.ParallelRun@6440112d</td></tr>
<tr>
<td title='stepdefinitions.ParallelRun.runScenario()'><b>runScenario</b><br>Test class: stepdefinitions.ParallelRun<br>Test method: Runs Cucumber Scenarios<br>Parameters: "Contact Us scenario with different set of data", "Optional[Contact Us Feature]"</td>
<td><div><pre>java.lang.NullPointerException: Cannot invoke &quot;org.openqa.selenium.WebDriver.get(String)&quot; because the return value of &quot;com.qa.factory.DriverFactory.getDriver()&quot; is null
	at stepdefinitions.ContactUsSteps.user_navigates_to_contact_us_page(ContactUsSteps.java:22)
	at ?.user navigates to contact us page(file:///C:/Users/mukul/FrameWork/LatestCucumber6WithPOM/src/test/resources/AppFeatures/ContactUs.feature:4)
</pre></div><a href='#' onClick='toggleBox("stack-trace992488138", this, "Click to show all stack frames", "Click to hide stack frames")'>Click to show all stack frames</a>
<div class='stack-trace' id='stack-trace992488138'><pre>java.lang.NullPointerException: Cannot invoke &quot;org.openqa.selenium.WebDriver.get(String)&quot; because the return value of &quot;com.qa.factory.DriverFactory.getDriver()&quot; is null
	at stepdefinitions.ContactUsSteps.user_navigates_to_contact_us_page(ContactUsSteps.java:22)
	at ?.user navigates to contact us page(file:///C:/Users/mukul/FrameWork/LatestCucumber6WithPOM/src/test/resources/AppFeatures/ContactUs.feature:4)
</pre></div></td>
<td>0</td>
<td>stepdefinitions.ParallelRun@6440112d</td></tr>
<tr>
<td title='stepdefinitions.ParallelRun.runScenario()'><b>runScenario</b><br>Test class: stepdefinitions.ParallelRun<br>Test method: Runs Cucumber Scenarios<br>Parameters: "Contact Us scenario with different set of data", "Optional[Contact Us Feature]"</td>
<td><div><pre>java.lang.NullPointerException: Cannot invoke &quot;org.openqa.selenium.WebDriver.get(String)&quot; because the return value of &quot;com.qa.factory.DriverFactory.getDriver()&quot; is null
	at stepdefinitions.ContactUsSteps.user_navigates_to_contact_us_page(ContactUsSteps.java:22)
	at ?.user navigates to contact us page(file:///C:/Users/mukul/FrameWork/LatestCucumber6WithPOM/src/test/resources/AppFeatures/ContactUs.feature:4)
</pre></div><a href='#' onClick='toggleBox("stack-trace1291650373", this, "Click to show all stack frames", "Click to hide stack frames")'>Click to show all stack frames</a>
<div class='stack-trace' id='stack-trace1291650373'><pre>java.lang.NullPointerException: Cannot invoke &quot;org.openqa.selenium.WebDriver.get(String)&quot; because the return value of &quot;com.qa.factory.DriverFactory.getDriver()&quot; is null
	at stepdefinitions.ContactUsSteps.user_navigates_to_contact_us_page(ContactUsSteps.java:22)
	at ?.user navigates to contact us page(file:///C:/Users/mukul/FrameWork/LatestCucumber6WithPOM/src/test/resources/AppFeatures/ContactUs.feature:4)
</pre></div></td>
<td>0</td>
<td>stepdefinitions.ParallelRun@6440112d</td></tr>
<tr>
<td title='stepdefinitions.ParallelRun.runScenario()'><b>runScenario</b><br>Test class: stepdefinitions.ParallelRun<br>Test method: Runs Cucumber Scenarios<br>Parameters: "Contact Us scenario with different set of data", "Optional[Contact Us Feature]"</td>
<td><div><pre>java.lang.NullPointerException: Cannot invoke &quot;org.openqa.selenium.WebDriver.get(String)&quot; because the return value of &quot;com.qa.factory.DriverFactory.getDriver()&quot; is null
	at stepdefinitions.ContactUsSteps.user_navigates_to_contact_us_page(ContactUsSteps.java:22)
	at ?.user navigates to contact us page(file:///C:/Users/mukul/FrameWork/LatestCucumber6WithPOM/src/test/resources/AppFeatures/ContactUs.feature:4)
</pre></div><a href='#' onClick='toggleBox("stack-trace171866853", this, "Click to show all stack frames", "Click to hide stack frames")'>Click to show all stack frames</a>
<div class='stack-trace' id='stack-trace171866853'><pre>java.lang.NullPointerException: Cannot invoke &quot;org.openqa.selenium.WebDriver.get(String)&quot; because the return value of &quot;com.qa.factory.DriverFactory.getDriver()&quot; is null
	at stepdefinitions.ContactUsSteps.user_navigates_to_contact_us_page(ContactUsSteps.java:22)
	at ?.user navigates to contact us page(file:///C:/Users/mukul/FrameWork/LatestCucumber6WithPOM/src/test/resources/AppFeatures/ContactUs.feature:4)
</pre></div></td>
<td>0</td>
<td>stepdefinitions.ParallelRun@6440112d</td></tr>
<tr>
<td title='stepdefinitions.ParallelRun.runScenario()'><b>runScenario</b><br>Test class: stepdefinitions.ParallelRun<br>Test method: Runs Cucumber Scenarios<br>Parameters: "Contact Us scenario with different set of data", "Optional[Contact Us Feature]"</td>
<td><div><pre>java.lang.NullPointerException: Cannot invoke &quot;org.openqa.selenium.WebDriver.get(String)&quot; because the return value of &quot;com.qa.factory.DriverFactory.getDriver()&quot; is null
	at stepdefinitions.ContactUsSteps.user_navigates_to_contact_us_page(ContactUsSteps.java:22)
	at ?.user navigates to contact us page(file:///C:/Users/mukul/FrameWork/LatestCucumber6WithPOM/src/test/resources/AppFeatures/ContactUs.feature:4)
</pre></div><a href='#' onClick='toggleBox("stack-trace199686325", this, "Click to show all stack frames", "Click to hide stack frames")'>Click to show all stack frames</a>
<div class='stack-trace' id='stack-trace199686325'><pre>java.lang.NullPointerException: Cannot invoke &quot;org.openqa.selenium.WebDriver.get(String)&quot; because the return value of &quot;com.qa.factory.DriverFactory.getDriver()&quot; is null
	at stepdefinitions.ContactUsSteps.user_navigates_to_contact_us_page(ContactUsSteps.java:22)
	at ?.user navigates to contact us page(file:///C:/Users/mukul/FrameWork/LatestCucumber6WithPOM/src/test/resources/AppFeatures/ContactUs.feature:4)
</pre></div></td>
<td>0</td>
<td>stepdefinitions.ParallelRun@6440112d</td></tr>
<tr>
<td title='stepdefinitions.ParallelRun.runScenario()'><b>runScenario</b><br>Test class: stepdefinitions.ParallelRun<br>Test method: Runs Cucumber Scenarios<br>Parameters: "Accounts section count", "Optional[Account Page Feature]"</td>
<td><div><pre>java.lang.NullPointerException: Cannot invoke &quot;org.openqa.selenium.WebDriver.get(String)&quot; because the return value of &quot;com.qa.factory.DriverFactory.getDriver()&quot; is null
	at stepdefinitions.AccountsPageSteps.user_has_already_logged_in_to_application(AccountsPageSteps.java:27)
	at ?.user has already logged in to application(file:///C:/Users/mukul/FrameWork/LatestCucumber6WithPOM/src/test/resources/AppFeatures/AccountsPage.feature:4)
</pre></div><a href='#' onClick='toggleBox("stack-trace1421314868", this, "Click to show all stack frames", "Click to hide stack frames")'>Click to show all stack frames</a>
<div class='stack-trace' id='stack-trace1421314868'><pre>java.lang.NullPointerException: Cannot invoke &quot;org.openqa.selenium.WebDriver.get(String)&quot; because the return value of &quot;com.qa.factory.DriverFactory.getDriver()&quot; is null
	at stepdefinitions.AccountsPageSteps.user_has_already_logged_in_to_application(AccountsPageSteps.java:27)
	at ?.user has already logged in to application(file:///C:/Users/mukul/FrameWork/LatestCucumber6WithPOM/src/test/resources/AppFeatures/AccountsPage.feature:4)
</pre></div></td>
<td>0</td>
<td>stepdefinitions.ParallelRun@6440112d</td></tr>
<tr>
<td title='stepdefinitions.ParallelRun.runScenario()'><b>runScenario</b><br>Test class: stepdefinitions.ParallelRun<br>Test method: Runs Cucumber Scenarios<br>Parameters: "Accounts page title", "Optional[Account Page Feature]"</td>
<td><div><pre>java.lang.NullPointerException: Cannot invoke &quot;org.openqa.selenium.WebDriver.get(String)&quot; because the return value of &quot;com.qa.factory.DriverFactory.getDriver()&quot; is null
	at stepdefinitions.AccountsPageSteps.user_has_already_logged_in_to_application(AccountsPageSteps.java:27)
	at ?.user has already logged in to application(file:///C:/Users/mukul/FrameWork/LatestCucumber6WithPOM/src/test/resources/AppFeatures/AccountsPage.feature:4)
</pre></div><a href='#' onClick='toggleBox("stack-trace1398724184", this, "Click to show all stack frames", "Click to hide stack frames")'>Click to show all stack frames</a>
<div class='stack-trace' id='stack-trace1398724184'><pre>java.lang.NullPointerException: Cannot invoke &quot;org.openqa.selenium.WebDriver.get(String)&quot; because the return value of &quot;com.qa.factory.DriverFactory.getDriver()&quot; is null
	at stepdefinitions.AccountsPageSteps.user_has_already_logged_in_to_application(AccountsPageSteps.java:27)
	at ?.user has already logged in to application(file:///C:/Users/mukul/FrameWork/LatestCucumber6WithPOM/src/test/resources/AppFeatures/AccountsPage.feature:4)
</pre></div></td>
<td>1</td>
<td>stepdefinitions.ParallelRun@6440112d</td></tr>
<tr>
<td title='stepdefinitions.ParallelRun.runScenario()'><b>runScenario</b><br>Test class: stepdefinitions.ParallelRun<br>Test method: Runs Cucumber Scenarios<br>Parameters: "Login with correct credentials", "Optional[Login page feature]"</td>
<td><div><pre>java.lang.NullPointerException: Cannot invoke &quot;org.openqa.selenium.WebDriver.get(String)&quot; because the return value of &quot;com.qa.factory.DriverFactory.getDriver()&quot; is null
	at stepdefinitions.LoginPageSteps.user_is_on_login_page(LoginPageSteps.java:22)
	at ?.user is on login page(file:///C:/Users/mukul/FrameWork/LatestCucumber6WithPOM/src/test/resources/AppFeatures/LoginPage.feature:13)
</pre></div><a href='#' onClick='toggleBox("stack-trace1005911815", this, "Click to show all stack frames", "Click to hide stack frames")'>Click to show all stack frames</a>
<div class='stack-trace' id='stack-trace1005911815'><pre>java.lang.NullPointerException: Cannot invoke &quot;org.openqa.selenium.WebDriver.get(String)&quot; because the return value of &quot;com.qa.factory.DriverFactory.getDriver()&quot; is null
	at stepdefinitions.LoginPageSteps.user_is_on_login_page(LoginPageSteps.java:22)
	at ?.user is on login page(file:///C:/Users/mukul/FrameWork/LatestCucumber6WithPOM/src/test/resources/AppFeatures/LoginPage.feature:13)
</pre></div></td>
<td>0</td>
<td>stepdefinitions.ParallelRun@6440112d</td></tr>
</table><p>
</body>
</html>